/afs/kth.se/pkg/vol/contrib/ict/nveg/.pkg.@sys/vol2/synopsys/dc_2020/syn/R-2020.09-SP5-3/auxx/gui/dv/dv_setup.tcl
/afs/kth.se/pkg/vol/contrib/ict/nveg/.pkg.@sys/vol2/synopsys/dc_2020/syn/R-2020.09-SP5-3/auxx/gui/syn/snpsSynProcs.tcl
/afs/kth.se/pkg/vol/contrib/ict/nveg/.pkg.@sys/vol2/synopsys/dc_2020/syn/R-2020.09-SP5-3/auxx/gui/syn/layout/pkgIndex.tcl
/afs/kth.se/pkg/vol/contrib/ict/nveg/.pkg.@sys/vol2/synopsys/dc_2020/syn/R-2020.09-SP5-3/auxx/gui/common/3dic/pkgIndex.tcl
/afs/kth.se/pkg/vol/contrib/ict/nveg/.pkg.@sys/vol2/synopsys/dc_2020/syn/R-2020.09-SP5-3/auxx/gui/common/WindowFrameWork/pkgIndex.tcl
/afs/kth.se/pkg/vol/contrib/ict/nveg/.pkg.@sys/vol2/synopsys/dc_2020/syn/R-2020.09-SP5-3/auxx/gui/common/acg/pkgIndex.tcl
/afs/kth.se/pkg/vol/contrib/ict/nveg/.pkg.@sys/vol2/synopsys/dc_2020/syn/R-2020.09-SP5-3/auxx/gui/common/commandform/pkgIndex.tcl
/afs/kth.se/pkg/vol/contrib/ict/nveg/.pkg.@sys/vol2/synopsys/dc_2020/syn/R-2020.09-SP5-3/auxx/gui/common/dialogs/pkgIndex.tcl
/afs/kth.se/pkg/vol/contrib/ict/nveg/.pkg.@sys/vol2/synopsys/dc_2020/syn/R-2020.09-SP5-3/auxx/gui/common/docBrowser/pkgIndex.tcl
/afs/kth.se/pkg/vol/contrib/ict/nveg/.pkg.@sys/vol2/synopsys/dc_2020/syn/R-2020.09-SP5-3/auxx/gui/common/hierAttrView/pkgIndex.tcl
/afs/kth.se/pkg/vol/contrib/ict/nveg/.pkg.@sys/vol2/synopsys/dc_2020/syn/R-2020.09-SP5-3/auxx/gui/common/hierarchy/pkgIndex.tcl
/afs/kth.se/pkg/vol/contrib/ict/nveg/.pkg.@sys/vol2/synopsys/dc_2020/syn/R-2020.09-SP5-3/auxx/gui/common/highlight/pkgIndex.tcl
/afs/kth.se/pkg/vol/contrib/ict/nveg/.pkg.@sys/vol2/synopsys/dc_2020/syn/R-2020.09-SP5-3/auxx/gui/common/histogram/pkgIndex.tcl
/afs/kth.se/pkg/vol/contrib/ict/nveg/.pkg.@sys/vol2/synopsys/dc_2020/syn/R-2020.09-SP5-3/auxx/gui/common/layout/pkgIndex.tcl
/afs/kth.se/pkg/vol/contrib/ict/nveg/.pkg.@sys/vol2/synopsys/dc_2020/syn/R-2020.09-SP5-3/auxx/gui/common/libviewer/pkgIndex.tcl
/afs/kth.se/pkg/vol/contrib/ict/nveg/.pkg.@sys/vol2/synopsys/dc_2020/syn/R-2020.09-SP5-3/auxx/gui/common/menus/pkgIndex.tcl
/afs/kth.se/pkg/vol/contrib/ict/nveg/.pkg.@sys/vol2/synopsys/dc_2020/syn/R-2020.09-SP5-3/auxx/gui/common/misc/pkgIndex.tcl
/afs/kth.se/pkg/vol/contrib/ict/nveg/.pkg.@sys/vol2/synopsys/dc_2020/syn/R-2020.09-SP5-3/auxx/gui/common/mrupalette/pkgIndex.tcl
/afs/kth.se/pkg/vol/contrib/ict/nveg/.pkg.@sys/vol2/synopsys/dc_2020/syn/R-2020.09-SP5-3/auxx/gui/common/opdlg/pkgIndex.tcl
/afs/kth.se/pkg/vol/contrib/ict/nveg/.pkg.@sys/vol2/synopsys/dc_2020/syn/R-2020.09-SP5-3/auxx/gui/common/palettegroup/pkgIndex.tcl
/afs/kth.se/pkg/vol/contrib/ict/nveg/.pkg.@sys/vol2/synopsys/dc_2020/syn/R-2020.09-SP5-3/auxx/gui/common/qtcl/pkgIndex.tcl
/afs/kth.se/pkg/vol/contrib/ict/nveg/.pkg.@sys/vol2/synopsys/dc_2020/syn/R-2020.09-SP5-3/auxx/gui/common/regressionToolkit/pkgIndex.tcl
/afs/kth.se/pkg/vol/contrib/ict/nveg/.pkg.@sys/vol2/synopsys/dc_2020/syn/R-2020.09-SP5-3/auxx/gui/common/rtlxref/pkgIndex.tcl
/afs/kth.se/pkg/vol/contrib/ict/nveg/.pkg.@sys/vol2/synopsys/dc_2020/syn/R-2020.09-SP5-3/auxx/gui/common/schematic/pkgIndex.tcl
/afs/kth.se/pkg/vol/contrib/ict/nveg/.pkg.@sys/vol2/synopsys/dc_2020/syn/R-2020.09-SP5-3/auxx/gui/common/select/pkgIndex.tcl
/afs/kth.se/pkg/vol/contrib/ict/nveg/.pkg.@sys/vol2/synopsys/dc_2020/syn/R-2020.09-SP5-3/auxx/gui/common/setup/pkgIndex.tcl
/afs/kth.se/pkg/vol/contrib/ict/nveg/.pkg.@sys/vol2/synopsys/dc_2020/syn/R-2020.09-SP5-3/auxx/gui/common/strokes/pkgIndex.tcl
/afs/kth.se/pkg/vol/contrib/ict/nveg/.pkg.@sys/vol2/synopsys/dc_2020/syn/R-2020.09-SP5-3/auxx/gui/common/table/pkgIndex.tcl
/afs/kth.se/pkg/vol/contrib/ict/nveg/.pkg.@sys/vol2/synopsys/dc_2020/syn/R-2020.09-SP5-3/auxx/gui/common/tcl-dp/pkgIndex.tcl
/afs/kth.se/pkg/vol/contrib/ict/nveg/.pkg.@sys/vol2/synopsys/dc_2020/syn/R-2020.09-SP5-3/auxx/gui/common/tiledview/pkgIndex.tcl
/afs/kth.se/pkg/vol/contrib/ict/nveg/.pkg.@sys/vol2/synopsys/dc_2020/syn/R-2020.09-SP5-3/auxx/gui/common/timing/pkgIndex.tcl
/afs/kth.se/pkg/vol/contrib/ict/nveg/.pkg.@sys/vol2/synopsys/dc_2020/syn/R-2020.09-SP5-3/auxx/gui/common/tq/pkgIndex.tcl
/afs/kth.se/pkg/vol/contrib/ict/nveg/.pkg.@sys/vol2/synopsys/dc_2020/syn/R-2020.09-SP5-3/auxx/gui/common/utable/pkgIndex.tcl
/afs/kth.se/pkg/vol/contrib/ict/nveg/.pkg.@sys/vol2/synopsys/dc_2020/syn/R-2020.09-SP5-3/auxx/gui/common/view/pkgIndex.tcl
/afs/kth.se/pkg/vol/contrib/ict/nveg/.pkg.@sys/vol2/synopsys/dc_2020/syn/R-2020.09-SP5-3/auxx/gui/dv/pkgIndex.tcl
/afs/kth.se/pkg/vol/contrib/ict/nveg/.pkg.@sys/vol2/synopsys/dc_2020/syn/R-2020.09-SP5-3/auxx/syn/lib/pkgIndex.tcl
/afs/kth.se/pkg/vol/contrib/ict/nveg/.pkg.@sys/vol2/synopsys/dc_2020/syn/R-2020.09-SP5-3/auxx/tcllib/lib/iwidgets4.1/pkgIndex.tcl
/afs/kth.se/pkg/vol/contrib/ict/nveg/.pkg.@sys/vol2/synopsys/dc_2020/syn/R-2020.09-SP5-3/auxx/tcllib/snps_tcl/snpsTclPro/pkgIndex.tcl
/afs/kth.se/pkg/vol/contrib/ict/nveg/.pkg.@sys/vol2/synopsys/dc_2020/syn/R-2020.09-SP5-3/auxx/tcllib/snps_tcl/snpsTest/pkgIndex.tcl
/afs/kth.se/pkg/vol/contrib/ict/nveg/.pkg.@sys/vol2/synopsys/dc_2020/syn/R-2020.09-SP5-3/auxx/tcllib/snps_tcl/snpsUtils/pkgIndex.tcl
/afs/kth.se/pkg/vol/contrib/ict/nveg/.pkg.@sys/vol2/synopsys/dc_2020/syn/R-2020.09-SP5-3/auxx/tcllib/snps_tcl/pkgIndex.tcl
/afs/kth.se/pkg/vol/contrib/ict/nveg/.pkg.@sys/vol2/synopsys/dc_2020/syn/R-2020.09-SP5-3/auxx/tcllib/lib/tcl8.6/dde/pkgIndex.tcl
/afs/kth.se/pkg/vol/contrib/ict/nveg/.pkg.@sys/vol2/synopsys/dc_2020/syn/R-2020.09-SP5-3/auxx/tcllib/lib/tcl8.6/http/pkgIndex.tcl
/afs/kth.se/pkg/vol/contrib/ict/nveg/.pkg.@sys/vol2/synopsys/dc_2020/syn/R-2020.09-SP5-3/auxx/tcllib/lib/tcl8.6/http1.0/pkgIndex.tcl
/afs/kth.se/pkg/vol/contrib/ict/nveg/.pkg.@sys/vol2/synopsys/dc_2020/syn/R-2020.09-SP5-3/auxx/tcllib/lib/tcl8.6/msgcat/pkgIndex.tcl
/afs/kth.se/pkg/vol/contrib/ict/nveg/.pkg.@sys/vol2/synopsys/dc_2020/syn/R-2020.09-SP5-3/auxx/tcllib/lib/tcl8.6/opt/pkgIndex.tcl
/afs/kth.se/pkg/vol/contrib/ict/nveg/.pkg.@sys/vol2/synopsys/dc_2020/syn/R-2020.09-SP5-3/auxx/tcllib/lib/tcl8.6/platform/pkgIndex.tcl
/afs/kth.se/pkg/vol/contrib/ict/nveg/.pkg.@sys/vol2/synopsys/dc_2020/syn/R-2020.09-SP5-3/auxx/tcllib/lib/tcl8.6/reg/pkgIndex.tcl
/afs/kth.se/pkg/vol/contrib/ict/nveg/.pkg.@sys/vol2/synopsys/dc_2020/syn/R-2020.09-SP5-3/auxx/tcllib/lib/tcl8.6/tcltest/pkgIndex.tcl
/afs/kth.se/pkg/vol/contrib/ict/nveg/.pkg.@sys/vol2/synopsys/dc_2020/syn/R-2020.09-SP5-3/auxx/gui/common/setup/snpsCommonSetup.tcl
/afs/kth.se/pkg/vol/contrib/ict/nveg/.pkg.@sys/vol2/synopsys/dc_2020/syn/R-2020.09-SP5-3/auxx/gui/common/setup/snpsCustomize.tcl
/afs/kth.se/pkg/vol/contrib/ict/nveg/.pkg.@sys/vol2/synopsys/dc_2020/syn/R-2020.09-SP5-3/auxx/gui/common/setup/snpsProcheck.tcl
/afs/kth.se/pkg/vol/contrib/ict/nveg/.pkg.@sys/vol2/synopsys/dc_2020/syn/R-2020.09-SP5-3/auxx/gui/common/misc/base.tcl
/afs/kth.se/pkg/vol/contrib/ict/nveg/.pkg.@sys/vol2/synopsys/dc_2020/syn/R-2020.09-SP5-3/auxx/gui/common/misc/timing.tcl
/afs/kth.se/pkg/vol/contrib/ict/nveg/.pkg.@sys/vol2/synopsys/dc_2020/syn/R-2020.09-SP5-3/auxx/gui/common/misc/setting.tcl
/afs/kth.se/pkg/vol/contrib/ict/nveg/.pkg.@sys/vol2/synopsys/dc_2020/syn/R-2020.09-SP5-3/auxx/gui/common/misc/preset.tcl
/afs/kth.se/pkg/vol/contrib/ict/nveg/.pkg.@sys/vol2/synopsys/dc_2020/syn/R-2020.09-SP5-3/auxx/gui/common/WindowFrameWork/windowFrameWork.tcl
/afs/kth.se/pkg/vol/contrib/ict/nveg/.pkg.@sys/vol2/synopsys/dc_2020/syn/R-2020.09-SP5-3/auxx/gui/common/WindowFrameWork/skipBusyCursorCmdList.tcl
/afs/kth.se/pkg/vol/contrib/ict/nveg/.pkg.@sys/vol2/synopsys/dc_2020/syn/R-2020.09-SP5-3/auxx/gui/common/qtcl/.synopsys_qtcl.tcl
/afs/kth.se/pkg/vol/contrib/ict/nveg/.pkg.@sys/vol2/synopsys/dc_2020/syn/R-2020.09-SP5-3/auxx/gui/common/highlight/highlight.tcl
/afs/kth.se/pkg/vol/contrib/ict/nveg/.pkg.@sys/vol2/synopsys/dc_2020/syn/R-2020.09-SP5-3/auxx/gui/common/palettegroup/palettegroup.tcl
/afs/kth.se/pkg/vol/contrib/ict/nveg/.pkg.@sys/vol2/synopsys/dc_2020/syn/R-2020.09-SP5-3/auxx/gui/common/commandform/commandform.tcl
/afs/kth.se/pkg/vol/contrib/ict/nveg/.pkg.@sys/vol2/synopsys/dc_2020/syn/R-2020.09-SP5-3/auxx/gui/common/tiledview/tiledview.tcl
/afs/kth.se/pkg/vol/contrib/ict/nveg/.pkg.@sys/vol2/synopsys/dc_2020/syn/R-2020.09-SP5-3/auxx/gui/common/docBrowser/docBrowser.tcl
/afs/kth.se/pkg/vol/contrib/ict/nveg/.pkg.@sys/vol2/synopsys/dc_2020/syn/R-2020.09-SP5-3/auxx/tcllib/snps_tcl/snpsUtils/snpsUtils.tcl
/afs/kth.se/pkg/vol/contrib/ict/nveg/.pkg.@sys/vol2/synopsys/dc_2020/syn/R-2020.09-SP5-3/auxx/gui/common/dialogs/ObjectChooser.tcl
/afs/kth.se/pkg/vol/contrib/ict/nveg/.pkg.@sys/vol2/synopsys/dc_2020/syn/R-2020.09-SP5-3/auxx/gui/common/misc/DialogObjectChooser.tcl
/afs/kth.se/pkg/vol/contrib/ict/nveg/.pkg.@sys/vol2/synopsys/dc_2020/syn/R-2020.09-SP5-3/auxx/gui/common/dialogs/HistBinInformation.tcl
/afs/kth.se/pkg/vol/contrib/ict/nveg/.pkg.@sys/vol2/synopsys/dc_2020/syn/R-2020.09-SP5-3/auxx/gui/common/dialogs/HistBin1Information.tcl
/afs/kth.se/pkg/vol/contrib/ict/nveg/.pkg.@sys/vol2/synopsys/dc_2020/syn/R-2020.09-SP5-3/auxx/gui/common/dialogs/BinsOnlyInformation.tcl
/afs/kth.se/pkg/vol/contrib/ict/nveg/.pkg.@sys/vol2/synopsys/dc_2020/syn/R-2020.09-SP5-3/auxx/gui/common/dialogs/FileChooser.tcl
/afs/kth.se/pkg/vol/contrib/ict/nveg/.pkg.@sys/vol2/synopsys/dc_2020/syn/R-2020.09-SP5-3/auxx/gui/common/dialogs/PathPinSimpleInfo.tcl
/afs/kth.se/pkg/vol/contrib/ict/nveg/.pkg.@sys/vol2/synopsys/dc_2020/syn/R-2020.09-SP5-3/auxx/gui/common/dialogs/PathsBasicInfo.tcl
/afs/kth.se/pkg/vol/contrib/ict/nveg/.pkg.@sys/vol2/synopsys/dc_2020/syn/R-2020.09-SP5-3/auxx/gui/common/dialogs/PathsBasicSimpleInfo.tcl
/afs/kth.se/pkg/vol/contrib/ict/nveg/.pkg.@sys/vol2/synopsys/dc_2020/syn/R-2020.09-SP5-3/auxx/gui/common/dialogs/SlctOperationInfo.tcl
/afs/kth.se/pkg/vol/contrib/ict/nveg/.pkg.@sys/vol2/synopsys/dc_2020/syn/R-2020.09-SP5-3/auxx/gui/common/dialogs/ObjectListInfo.tcl
/afs/kth.se/pkg/vol/contrib/ict/nveg/.pkg.@sys/vol2/synopsys/dc_2020/syn/R-2020.09-SP5-3/auxx/gui/common/dialogs/FanInOutInfo.tcl
/afs/kth.se/pkg/vol/contrib/ict/nveg/.pkg.@sys/vol2/synopsys/dc_2020/syn/R-2020.09-SP5-3/auxx/gui/common/dialogs/NumberOfLevelsChooser.tcl
/afs/kth.se/pkg/vol/contrib/ict/nveg/.pkg.@sys/vol2/synopsys/dc_2020/syn/R-2020.09-SP5-3/auxx/gui/common/dialogs/WindowReuseInfo.tcl
/afs/kth.se/pkg/vol/contrib/ict/nveg/.pkg.@sys/vol2/synopsys/dc_2020/syn/R-2020.09-SP5-3/auxx/gui/common/dialogs/ReportOutputOptionInfo.tcl
/afs/kth.se/pkg/vol/contrib/ict/nveg/.pkg.@sys/vol2/synopsys/dc_2020/syn/R-2020.09-SP5-3/auxx/gui/common/setup/snpsCollections.tcl
/afs/kth.se/pkg/vol/contrib/ict/nveg/.pkg.@sys/vol2/synopsys/dc_2020/syn/R-2020.09-SP5-3/auxx/gui/common/dialogs/CompileLinkDesign.tcl
/afs/kth.se/pkg/vol/contrib/ict/nveg/.pkg.@sys/vol2/synopsys/dc_2020/syn/R-2020.09-SP5-3/auxx/gui/common/histogram/base.tcl
/afs/kth.se/pkg/vol/contrib/ict/nveg/.pkg.@sys/vol2/synopsys/dc_2020/syn/R-2020.09-SP5-3/auxx/gui/common/histogram/DialogNetCapacitance.tcl
/afs/kth.se/pkg/vol/contrib/ict/nveg/.pkg.@sys/vol2/synopsys/dc_2020/syn/R-2020.09-SP5-3/auxx/gui/common/schematic/DialogPathSchematicFanInOut.tcl
/afs/kth.se/pkg/vol/contrib/ict/nveg/.pkg.@sys/vol2/synopsys/dc_2020/syn/R-2020.09-SP5-3/auxx/gui/common/schematic/DialogPathSchematicAddPaths.tcl
/afs/kth.se/home/h/t/htu/IL2230/lab2/syn/scr/neuron_synthesize.tcl
/afs/kth.se/home/h/t/htu/IL2230/synopsys_dc.setup
/afs/it.kth.se/pkg/synopsys/extra_libraries/standard_cell/TSMC/tcbn90g_110a/Front_End/timing_power/tcbn90g_110a/tcbn90gtc.db
/afs/kth.se/pkg/vol/contrib/ict/nveg/.pkg.@sys/vol2/synopsys/dc_2020/syn/R-2020.09-SP5-3/libraries/syn/gtech.db
/afs/kth.se/pkg/vol/contrib/ict/nveg/.pkg.@sys/vol2/synopsys/dc_2020/syn/R-2020.09-SP5-3/libraries/syn/standard.sldb
/afs/kth.se/home/h/t/htu/IL2230/lab2/rtl/types.vhd
/afs/ict.kth.se/pkg/synopsys/designcompiler/J-2014.09/libraries/syn/dw_foundation.sldb
/afs/kth.se/home/h/t/htu/IL2230/lab2/rtl/memory.vhd
/afs/kth.se/home/h/t/htu/IL2230/lab2/syn/neuron.sdc
/afs/kth.se/home/h/t/htu/IL2230/lab2/syn/db/memory.wscr
/tmp/synopsys_cache_R-2020.09-SP5-3/DW01/DW_cmp/apparch/2/tcbn90gtc_3011/8167_4794/mapped.ddc
/afs/it.kth.se/pkg/synopsys/extra_libraries/standard_cell/TSMC/tcbn90g_110a/Front_End/timing_power/tcbn90g_110a/tcbn90gtc.db
/afs/kth.se/home/h/t/htu/IL2230/lab2/rtl/types.vhd
/afs/kth.se/home/h/t/htu/IL2230/lab2/rtl/fsm.vhd
/afs/kth.se/home/h/t/htu/IL2230/lab2/syn/neuron.sdc
/afs/kth.se/home/h/t/htu/IL2230/lab2/syn/db/fsm.wscr
/tmp/synopsys_cache_R-2020.09-SP5-3/DW01/DW01_inc/rpl/2/tcbn90gtc_3011/element.ddc
/afs/it.kth.se/pkg/synopsys/extra_libraries/standard_cell/TSMC/tcbn90g_110a/Front_End/timing_power/tcbn90g_110a/tcbn90gtc.db
/afs/kth.se/home/h/t/htu/IL2230/lab2/rtl/types.vhd
/afs/kth.se/home/h/t/htu/IL2230/lab2/rtl/Sigmoid.vhd
/afs/kth.se/home/h/t/htu/IL2230/lab2/rtl/mac.vhd
/afs/kth.se/home/h/t/htu/IL2230/lab2/rtl/arithmetic_unit.vhd
/afs/kth.se/home/h/t/htu/IL2230/lab2/syn/db/arithmetic_unit.wscr
/tmp/synopsys_cache_R-2020.09-SP5-3/DW02/DW_mult_tc/apparch/8/8/tcbn90gtc_3011_8167_4794/element.ddc
/tmp/synopsys_cache_R-2020.09-SP5-3/DW01/DW01_add/rpl/18/tcbn90gtc_3011_8167_4794/element.ddc
/tmp/synopsys_cache_R-2020.09-SP5-3/DW01/DW01_add/rpl/18/tcbn90gtc_3011/element.ddc
/afs/it.kth.se/pkg/synopsys/extra_libraries/standard_cell/TSMC/tcbn90g_110a/Front_End/timing_power/tcbn90g_110a/tcbn90gtc.db
/afs/kth.se/home/h/t/htu/IL2230/lab2/rtl/types.vhd
/afs/kth.se/home/h/t/htu/IL2230/lab2/rtl/arithmetic_unit.vhd
/afs/kth.se/home/h/t/htu/IL2230/lab2/rtl/memory.vhd
/afs/kth.se/home/h/t/htu/IL2230/lab2/rtl/fsm.vhd
/afs/kth.se/home/h/t/htu/IL2230/lab2/rtl/neuron.vhd
/afs/kth.se/home/h/t/htu/IL2230/lab2/syn/neuron.sdc
/afs/kth.se/home/h/t/htu/IL2230/lab2/syn/db/neuron.wscr
/tmp/synopsys_cache_R-2020.09-SP5-3/DW01/DW_cmp/apparch/2/tcbn90gtc_3011/8167_4794/mapped.ddc
/tmp/synopsys_cache_R-2020.09-SP5-3/DW01/DW01_inc/rpl/2/tcbn90gtc_3011/element.ddc
/afs/it.kth.se/pkg/synopsys/extra_libraries/standard_cell/TSMC/tcbn90g_110a/Front_End/timing_power/tcbn90g_110a/tcbn90gtc.db
/afs/it.kth.se/pkg/synopsys/extra_libraries/standard_cell/TSMC/tcbn90g_110a/Front_End/timing_power/tcbn90g_110a/tcbn90gtc.db
/afs/kth.se/home/h/t/htu/IL2230/lab2/syn/scr/control_report.tcl
/afs/kth.se/home/h/t/htu/IL2230/lab2/rtl/types.vhd
/afs/kth.se/home/h/t/htu/IL2230/lab2/rtl/fsm.vhd
/afs/kth.se/home/h/t/htu/IL2230/lab2/syn/neuron.sdc
/afs/kth.se/home/h/t/htu/IL2230/lab2/syn/db/fsm.wscr
/tmp/synopsys_cache_R-2020.09-SP5-3/DW01/DW01_inc/rpl/2/tcbn90gtc_3011/element.ddc
/afs/it.kth.se/pkg/synopsys/extra_libraries/standard_cell/TSMC/tcbn90g_110a/Front_End/timing_power/tcbn90g_110a/tcbn90gtc.db
/afs/kth.se/home/h/t/htu/IL2230/lab2/syn/scr/data_report.tcl
/afs/kth.se/home/h/t/htu/IL2230/lab2/rtl/ReLu.vhd
/afs/kth.se/home/h/t/htu/IL2230/lab2/rtl/mac.vhd
/afs/kth.se/home/h/t/htu/IL2230/lab2/rtl/arithmetic_unit.vhd
/afs/kth.se/home/h/t/htu/IL2230/lab2/syn/db/arithmetic_unit.wscr
/tmp/synopsys_cache_R-2020.09-SP5-3/DW02/DW_mult_tc/apparch/8/8/tcbn90gtc_3011_8167_4794/element.ddc
/tmp/synopsys_cache_R-2020.09-SP5-3/DW01/DW01_add/rpl/18/tcbn90gtc_3011_8167_4794/element.ddc
/tmp/synopsys_cache_R-2020.09-SP5-3/DW01/DW01_add/rpl/18/tcbn90gtc_3011/element.ddc
/afs/it.kth.se/pkg/synopsys/extra_libraries/standard_cell/TSMC/tcbn90g_110a/Front_End/timing_power/tcbn90g_110a/tcbn90gtc.db
